running develop
Removing /home/addinnedu/monitoring_camera_ws/install/aruco_marker_pkg/lib/python3.12/site-packages/aruco-marker-pkg.egg-link (link to .)
running egg_info
writing ../../build/aruco_marker_pkg/aruco_marker_pkg.egg-info/PKG-INFO
writing dependency_links to ../../build/aruco_marker_pkg/aruco_marker_pkg.egg-info/dependency_links.txt
writing entry points to ../../build/aruco_marker_pkg/aruco_marker_pkg.egg-info/entry_points.txt
writing requirements to ../../build/aruco_marker_pkg/aruco_marker_pkg.egg-info/requires.txt
writing top-level names to ../../build/aruco_marker_pkg/aruco_marker_pkg.egg-info/top_level.txt
reading manifest file '../../build/aruco_marker_pkg/aruco_marker_pkg.egg-info/SOURCES.txt'
writing manifest file '../../build/aruco_marker_pkg/aruco_marker_pkg.egg-info/SOURCES.txt'
running build
running build_py
creating /home/addinnedu/monitoring_camera_ws/build/aruco_marker_pkg/build
creating /home/addinnedu/monitoring_camera_ws/build/aruco_marker_pkg/build/lib
creating /home/addinnedu/monitoring_camera_ws/build/aruco_marker_pkg/build/lib/aruco_marker_pkg
copying aruco_marker_pkg/pose_publisher.py -> /home/addinnedu/monitoring_camera_ws/build/aruco_marker_pkg/build/lib/aruco_marker_pkg
copying aruco_marker_pkg/__init__.py -> /home/addinnedu/monitoring_camera_ws/build/aruco_marker_pkg/build/lib/aruco_marker_pkg
copying aruco_marker_pkg/aruco_detector.py -> /home/addinnedu/monitoring_camera_ws/build/aruco_marker_pkg/build/lib/aruco_marker_pkg
running install
running install_lib
creating /home/addinnedu/monitoring_camera_ws/install/aruco_marker_pkg/lib/python3.12/site-packages/aruco_marker_pkg
copying /home/addinnedu/monitoring_camera_ws/build/aruco_marker_pkg/build/lib/aruco_marker_pkg/pose_publisher.py -> /home/addinnedu/monitoring_camera_ws/install/aruco_marker_pkg/lib/python3.12/site-packages/aruco_marker_pkg
copying /home/addinnedu/monitoring_camera_ws/build/aruco_marker_pkg/build/lib/aruco_marker_pkg/__init__.py -> /home/addinnedu/monitoring_camera_ws/install/aruco_marker_pkg/lib/python3.12/site-packages/aruco_marker_pkg
copying /home/addinnedu/monitoring_camera_ws/build/aruco_marker_pkg/build/lib/aruco_marker_pkg/aruco_detector.py -> /home/addinnedu/monitoring_camera_ws/install/aruco_marker_pkg/lib/python3.12/site-packages/aruco_marker_pkg
byte-compiling /home/addinnedu/monitoring_camera_ws/install/aruco_marker_pkg/lib/python3.12/site-packages/aruco_marker_pkg/pose_publisher.py to pose_publisher.cpython-312.pyc
byte-compiling /home/addinnedu/monitoring_camera_ws/install/aruco_marker_pkg/lib/python3.12/site-packages/aruco_marker_pkg/__init__.py to __init__.cpython-312.pyc
byte-compiling /home/addinnedu/monitoring_camera_ws/install/aruco_marker_pkg/lib/python3.12/site-packages/aruco_marker_pkg/aruco_detector.py to aruco_detector.cpython-312.pyc
running install_data
copying resource/aruco_marker_pkg -> /home/addinnedu/monitoring_camera_ws/install/aruco_marker_pkg/share/ament_index/resource_index/packages
copying package.xml -> /home/addinnedu/monitoring_camera_ws/install/aruco_marker_pkg/share/aruco_marker_pkg
running install_egg_info
Copying ../../build/aruco_marker_pkg/aruco_marker_pkg.egg-info to /home/addinnedu/monitoring_camera_ws/install/aruco_marker_pkg/lib/python3.12/site-packages/aruco_marker_pkg-0.0.0-py3.12.egg-info
running install_scripts
Installing marker_publisher_node script to /home/addinnedu/monitoring_camera_ws/install/aruco_marker_pkg/lib/aruco_marker_pkg
Installing pose_publisher script to /home/addinnedu/monitoring_camera_ws/install/aruco_marker_pkg/lib/aruco_marker_pkg
writing list of installed files to '/home/addinnedu/monitoring_camera_ws/build/aruco_marker_pkg/install.log'
