[1.160s] Invoking command in '/home/addinnedu/monitoring_camera_ws/build/aruco_marker_pkg': DEBUGINFOD_URLS=https://debuginfod.ubuntu.com PYTHONPATH=/home/addinnedu/monitoring_camera_ws/build/aruco_marker_pkg/prefix_override:/usr/lib/python3/dist-packages/colcon_core/task/python/colcon_distutils_commands:/home/addinnedu/monitoring_camera_ws/install/aruco_marker_pkg/lib/python3.12/site-packages:${PYTHONPATH} /usr/bin/python3 -W ignore:setup.py install is deprecated -W ignore:easy_install command is deprecated setup.py develop --uninstall --editable --build-directory /home/addinnedu/monitoring_camera_ws/build/aruco_marker_pkg/build
[1.577s] running develop
[1.785s] Removing /home/addinnedu/monitoring_camera_ws/install/aruco_marker_pkg/lib/python3.12/site-packages/aruco-marker-pkg.egg-link (link to .)
[1.814s] Invoked command in '/home/addinnedu/monitoring_camera_ws/build/aruco_marker_pkg' returned '0': DEBUGINFOD_URLS=https://debuginfod.ubuntu.com PYTHONPATH=/home/addinnedu/monitoring_camera_ws/build/aruco_marker_pkg/prefix_override:/usr/lib/python3/dist-packages/colcon_core/task/python/colcon_distutils_commands:/home/addinnedu/monitoring_camera_ws/install/aruco_marker_pkg/lib/python3.12/site-packages:${PYTHONPATH} /usr/bin/python3 -W ignore:setup.py install is deprecated -W ignore:easy_install command is deprecated setup.py develop --uninstall --editable --build-directory /home/addinnedu/monitoring_camera_ws/build/aruco_marker_pkg/build
[1.816s] Invoking command in '/home/addinnedu/monitoring_camera_ws/src/aruco_marker_pkg': DEBUGINFOD_URLS=https://debuginfod.ubuntu.com PYTHONPATH=/home/addinnedu/monitoring_camera_ws/build/aruco_marker_pkg/prefix_override:/usr/lib/python3/dist-packages/colcon_core/task/python/colcon_distutils_commands:/home/addinnedu/monitoring_camera_ws/install/aruco_marker_pkg/lib/python3.12/site-packages:${PYTHONPATH} /usr/bin/python3 -W ignore:setup.py install is deprecated -W ignore:easy_install command is deprecated setup.py egg_info --egg-base ../../build/aruco_marker_pkg build --build-base /home/addinnedu/monitoring_camera_ws/build/aruco_marker_pkg/build install --record /home/addinnedu/monitoring_camera_ws/build/aruco_marker_pkg/install.log --single-version-externally-managed install_data --force
[2.064s] running egg_info
[2.083s] writing ../../build/aruco_marker_pkg/aruco_marker_pkg.egg-info/PKG-INFO
[2.083s] writing dependency_links to ../../build/aruco_marker_pkg/aruco_marker_pkg.egg-info/dependency_links.txt
[2.083s] writing entry points to ../../build/aruco_marker_pkg/aruco_marker_pkg.egg-info/entry_points.txt
[2.083s] writing requirements to ../../build/aruco_marker_pkg/aruco_marker_pkg.egg-info/requires.txt
[2.083s] writing top-level names to ../../build/aruco_marker_pkg/aruco_marker_pkg.egg-info/top_level.txt
[2.122s] reading manifest file '../../build/aruco_marker_pkg/aruco_marker_pkg.egg-info/SOURCES.txt'
[2.122s] writing manifest file '../../build/aruco_marker_pkg/aruco_marker_pkg.egg-info/SOURCES.txt'
[2.123s] running build
[2.123s] running build_py
[2.123s] creating /home/addinnedu/monitoring_camera_ws/build/aruco_marker_pkg/build
[2.123s] creating /home/addinnedu/monitoring_camera_ws/build/aruco_marker_pkg/build/lib
[2.123s] creating /home/addinnedu/monitoring_camera_ws/build/aruco_marker_pkg/build/lib/aruco_marker_pkg
[2.123s] copying aruco_marker_pkg/pose_publisher.py -> /home/addinnedu/monitoring_camera_ws/build/aruco_marker_pkg/build/lib/aruco_marker_pkg
[2.123s] copying aruco_marker_pkg/__init__.py -> /home/addinnedu/monitoring_camera_ws/build/aruco_marker_pkg/build/lib/aruco_marker_pkg
[2.123s] copying aruco_marker_pkg/aruco_detector.py -> /home/addinnedu/monitoring_camera_ws/build/aruco_marker_pkg/build/lib/aruco_marker_pkg
[2.123s] running install
[2.128s] running install_lib
[2.149s] creating /home/addinnedu/monitoring_camera_ws/install/aruco_marker_pkg/lib/python3.12/site-packages/aruco_marker_pkg
[2.149s] copying /home/addinnedu/monitoring_camera_ws/build/aruco_marker_pkg/build/lib/aruco_marker_pkg/pose_publisher.py -> /home/addinnedu/monitoring_camera_ws/install/aruco_marker_pkg/lib/python3.12/site-packages/aruco_marker_pkg
[2.149s] copying /home/addinnedu/monitoring_camera_ws/build/aruco_marker_pkg/build/lib/aruco_marker_pkg/__init__.py -> /home/addinnedu/monitoring_camera_ws/install/aruco_marker_pkg/lib/python3.12/site-packages/aruco_marker_pkg
[2.149s] copying /home/addinnedu/monitoring_camera_ws/build/aruco_marker_pkg/build/lib/aruco_marker_pkg/aruco_detector.py -> /home/addinnedu/monitoring_camera_ws/install/aruco_marker_pkg/lib/python3.12/site-packages/aruco_marker_pkg
[2.149s] byte-compiling /home/addinnedu/monitoring_camera_ws/install/aruco_marker_pkg/lib/python3.12/site-packages/aruco_marker_pkg/pose_publisher.py to pose_publisher.cpython-312.pyc
[2.150s] byte-compiling /home/addinnedu/monitoring_camera_ws/install/aruco_marker_pkg/lib/python3.12/site-packages/aruco_marker_pkg/__init__.py to __init__.cpython-312.pyc
[2.150s] byte-compiling /home/addinnedu/monitoring_camera_ws/install/aruco_marker_pkg/lib/python3.12/site-packages/aruco_marker_pkg/aruco_detector.py to aruco_detector.cpython-312.pyc
[2.151s] running install_data
[2.151s] copying resource/aruco_marker_pkg -> /home/addinnedu/monitoring_camera_ws/install/aruco_marker_pkg/share/ament_index/resource_index/packages
[2.151s] copying package.xml -> /home/addinnedu/monitoring_camera_ws/install/aruco_marker_pkg/share/aruco_marker_pkg
[2.151s] running install_egg_info
[2.171s] Copying ../../build/aruco_marker_pkg/aruco_marker_pkg.egg-info to /home/addinnedu/monitoring_camera_ws/install/aruco_marker_pkg/lib/python3.12/site-packages/aruco_marker_pkg-0.0.0-py3.12.egg-info
[2.172s] running install_scripts
[2.305s] Installing marker_publisher_node script to /home/addinnedu/monitoring_camera_ws/install/aruco_marker_pkg/lib/aruco_marker_pkg
[2.306s] Installing pose_publisher script to /home/addinnedu/monitoring_camera_ws/install/aruco_marker_pkg/lib/aruco_marker_pkg
[2.306s] writing list of installed files to '/home/addinnedu/monitoring_camera_ws/build/aruco_marker_pkg/install.log'
[2.327s] Invoked command in '/home/addinnedu/monitoring_camera_ws/src/aruco_marker_pkg' returned '0': DEBUGINFOD_URLS=https://debuginfod.ubuntu.com PYTHONPATH=/home/addinnedu/monitoring_camera_ws/build/aruco_marker_pkg/prefix_override:/usr/lib/python3/dist-packages/colcon_core/task/python/colcon_distutils_commands:/home/addinnedu/monitoring_camera_ws/install/aruco_marker_pkg/lib/python3.12/site-packages:${PYTHONPATH} /usr/bin/python3 -W ignore:setup.py install is deprecated -W ignore:easy_install command is deprecated setup.py egg_info --egg-base ../../build/aruco_marker_pkg build --build-base /home/addinnedu/monitoring_camera_ws/build/aruco_marker_pkg/build install --record /home/addinnedu/monitoring_camera_ws/build/aruco_marker_pkg/install.log --single-version-externally-managed install_data --force
