[0.932s] Invoking command in '/home/addinnedu/monitoring_camera_ws/build/aruco_marker_pkg': DEBUGINFOD_URLS=https://debuginfod.ubuntu.com PYTHONPATH=/home/addinnedu/monitoring_camera_ws/build/aruco_marker_pkg/prefix_override:/usr/lib/python3/dist-packages/colcon_core/task/python/colcon_distutils_commands:/home/addinnedu/monitoring_camera_ws/install/aruco_marker_pkg/lib/python3.12/site-packages:${PYTHONPATH} /usr/bin/python3 -W ignore:setup.py install is deprecated -W ignore:easy_install command is deprecated setup.py develop --editable --build-directory /home/addinnedu/monitoring_camera_ws/build/aruco_marker_pkg/build --no-deps symlink_data --force
[1.241s] running develop
[1.447s] running egg_info
[1.466s] writing aruco_marker_pkg.egg-info/PKG-INFO
[1.466s] writing dependency_links to aruco_marker_pkg.egg-info/dependency_links.txt
[1.466s] writing entry points to aruco_marker_pkg.egg-info/entry_points.txt
[1.466s] writing requirements to aruco_marker_pkg.egg-info/requires.txt
[1.466s] writing top-level names to aruco_marker_pkg.egg-info/top_level.txt
[1.504s] reading manifest file 'aruco_marker_pkg.egg-info/SOURCES.txt'
[1.505s] writing manifest file 'aruco_marker_pkg.egg-info/SOURCES.txt'
[1.525s] running build_ext
[1.525s] Creating /home/addinnedu/monitoring_camera_ws/install/aruco_marker_pkg/lib/python3.12/site-packages/aruco-marker-pkg.egg-link (link to .)
[1.526s] Installing aruco_path_tracker script to /home/addinnedu/monitoring_camera_ws/install/aruco_marker_pkg/lib/aruco_marker_pkg
[1.526s] Installing marker_publisher_node script to /home/addinnedu/monitoring_camera_ws/install/aruco_marker_pkg/lib/aruco_marker_pkg
[1.526s] Installing pose_publisher script to /home/addinnedu/monitoring_camera_ws/install/aruco_marker_pkg/lib/aruco_marker_pkg
[1.526s] 
[1.526s] Installed /home/addinnedu/monitoring_camera_ws/build/aruco_marker_pkg
[1.526s] running symlink_data
[1.526s] symbolically linking /home/addinnedu/monitoring_camera_ws/build/aruco_marker_pkg/resource/aruco_marker_pkg -> /home/addinnedu/monitoring_camera_ws/install/aruco_marker_pkg/share/ament_index/resource_index/packages
[1.526s] symbolically linking /home/addinnedu/monitoring_camera_ws/build/aruco_marker_pkg/package.xml -> /home/addinnedu/monitoring_camera_ws/install/aruco_marker_pkg/share/aruco_marker_pkg
[1.550s] Invoked command in '/home/addinnedu/monitoring_camera_ws/build/aruco_marker_pkg' returned '0': DEBUGINFOD_URLS=https://debuginfod.ubuntu.com PYTHONPATH=/home/addinnedu/monitoring_camera_ws/build/aruco_marker_pkg/prefix_override:/usr/lib/python3/dist-packages/colcon_core/task/python/colcon_distutils_commands:/home/addinnedu/monitoring_camera_ws/install/aruco_marker_pkg/lib/python3.12/site-packages:${PYTHONPATH} /usr/bin/python3 -W ignore:setup.py install is deprecated -W ignore:easy_install command is deprecated setup.py develop --editable --build-directory /home/addinnedu/monitoring_camera_ws/build/aruco_marker_pkg/build --no-deps symlink_data --force
